2025-11-03T02:39:50+00:00 INFO Start-Cartflows_Frontend::redirect_to_thankyou_page
2025-11-03T02:39:50+00:00 INFO Only for thank you page
2025-11-03T02:39:50+00:00 INFO Checkout ID : 12
2025-11-03T02:39:50+00:00 INFO End-Cartflows_Frontend::redirect_to_thankyou_page
2025-11-03T02:39:50+00:00 INFO Start-Cartflows_Frontend::redirect_to_thankyou_page
2025-11-03T02:39:50+00:00 INFO Only for thank you page
2025-11-03T02:39:50+00:00 INFO Checkout ID : 12
2025-11-03T02:39:50+00:00 INFO End-Cartflows_Frontend::redirect_to_thankyou_page
2025-11-03T02:45:18+00:00 INFO Start-Cartflows_Frontend::redirect_to_thankyou_page
2025-11-03T02:45:18+00:00 INFO Only for thank you page
2025-11-03T02:45:18+00:00 INFO Checkout ID : 12
2025-11-03T02:45:18+00:00 INFO End-Cartflows_Frontend::redirect_to_thankyou_page
2025-11-03T02:45:18+00:00 INFO Start-Cartflows_Frontend::redirect_to_thankyou_page
2025-11-03T02:45:18+00:00 INFO Only for thank you page
2025-11-03T02:45:18+00:00 INFO Checkout ID : 12
2025-11-03T02:45:18+00:00 INFO End-Cartflows_Frontend::redirect_to_thankyou_page
2025-11-03T03:01:47+00:00 INFO Start-Cartflows_Frontend::redirect_to_thankyou_page
2025-11-03T03:01:47+00:00 INFO Only for thank you page
2025-11-03T03:01:47+00:00 INFO Checkout ID : 12
2025-11-03T03:01:47+00:00 INFO End-Cartflows_Frontend::redirect_to_thankyou_page
2025-11-03T03:01:48+00:00 INFO Start-Cartflows_Frontend::redirect_to_thankyou_page
2025-11-03T03:01:48+00:00 INFO Only for thank you page
2025-11-03T03:01:48+00:00 INFO Checkout ID : 12
2025-11-03T03:01:48+00:00 INFO End-Cartflows_Frontend::redirect_to_thankyou_page
2025-11-03T03:09:20+00:00 INFO Start-Cartflows_Frontend::redirect_to_thankyou_page
2025-11-03T03:09:20+00:00 INFO Only for thank you page
2025-11-03T03:09:20+00:00 INFO Checkout ID : 12
2025-11-03T03:09:20+00:00 INFO End-Cartflows_Frontend::redirect_to_thankyou_page
2025-11-03T03:09:20+00:00 INFO Start-Cartflows_Frontend::redirect_to_thankyou_page
2025-11-03T03:09:20+00:00 INFO Only for thank you page
2025-11-03T03:09:20+00:00 INFO Checkout ID : 12
2025-11-03T03:09:20+00:00 INFO End-Cartflows_Frontend::redirect_to_thankyou_page
2025-11-03T03:44:29+00:00 INFO Start-Cartflows_Frontend::redirect_to_thankyou_page
2025-11-03T03:44:29+00:00 INFO Only for thank you page
2025-11-03T03:44:29+00:00 INFO Checkout ID : 12
2025-11-03T03:44:29+00:00 INFO End-Cartflows_Frontend::redirect_to_thankyou_page
2025-11-03T05:32:55+00:00 INFO Start-Cartflows_Frontend::redirect_to_thankyou_page
2025-11-03T05:32:55+00:00 INFO Only for thank you page
2025-11-03T05:32:55+00:00 INFO Checkout ID : 12
2025-11-03T05:32:55+00:00 INFO End-Cartflows_Frontend::redirect_to_thankyou_page
2025-11-03T05:32:56+00:00 INFO Start-Cartflows_Frontend::redirect_to_thankyou_page
2025-11-03T05:32:56+00:00 INFO Only for thank you page
2025-11-03T05:32:56+00:00 INFO Checkout ID : 12
2025-11-03T05:32:56+00:00 INFO End-Cartflows_Frontend::redirect_to_thankyou_page
2025-11-03T10:54:19+00:00 INFO Start-Cartflows_Frontend::redirect_to_thankyou_page
2025-11-03T10:54:19+00:00 INFO Only for thank you page
2025-11-03T10:54:19+00:00 INFO Checkout ID : 12
2025-11-03T10:54:19+00:00 INFO End-Cartflows_Frontend::redirect_to_thankyou_page
2025-11-03T10:54:33+00:00 INFO Start-Cartflows_Frontend::redirect_to_thankyou_page
2025-11-03T10:54:33+00:00 INFO Only for thank you page
2025-11-03T10:54:33+00:00 INFO Checkout ID : 12
2025-11-03T10:54:33+00:00 INFO End-Cartflows_Frontend::redirect_to_thankyou_page
2025-11-03T10:54:36+00:00 INFO Start-Cartflows_Frontend::redirect_to_thankyou_page
2025-11-03T10:54:36+00:00 INFO Only for thank you page
2025-11-03T10:54:36+00:00 INFO Checkout ID : 12
2025-11-03T10:54:36+00:00 INFO End-Cartflows_Frontend::redirect_to_thankyou_page
2025-11-03T11:01:18+00:00 INFO Start-Cartflows_Frontend::redirect_to_thankyou_page
2025-11-03T11:01:18+00:00 INFO Only for thank you page
2025-11-03T11:01:18+00:00 INFO Checkout ID : 12
2025-11-03T11:01:18+00:00 INFO End-Cartflows_Frontend::redirect_to_thankyou_page
2025-11-03T11:01:19+00:00 INFO Start-Cartflows_Frontend::redirect_to_thankyou_page
2025-11-03T11:01:19+00:00 INFO Only for thank you page
2025-11-03T11:01:19+00:00 INFO Checkout ID : 12
2025-11-03T11:01:19+00:00 INFO End-Cartflows_Frontend::redirect_to_thankyou_page
2025-11-03T11:01:20+00:00 INFO Start-Cartflows_Frontend::redirect_to_thankyou_page
2025-11-03T11:01:20+00:00 INFO Only for thank you page
2025-11-03T11:01:20+00:00 INFO Checkout ID : 12
2025-11-03T11:01:20+00:00 INFO End-Cartflows_Frontend::redirect_to_thankyou_page
2025-11-03T11:05:06+00:00 INFO Start-Cartflows_Frontend::redirect_to_thankyou_page
2025-11-03T11:05:06+00:00 INFO Only for thank you page
2025-11-03T11:05:06+00:00 INFO Checkout ID : 12
2025-11-03T11:05:06+00:00 INFO End-Cartflows_Frontend::redirect_to_thankyou_page
2025-11-03T11:05:07+00:00 INFO Start-Cartflows_Frontend::redirect_to_thankyou_page
2025-11-03T11:05:07+00:00 INFO Only for thank you page
2025-11-03T11:05:07+00:00 INFO Checkout ID : 12
2025-11-03T11:05:07+00:00 INFO End-Cartflows_Frontend::redirect_to_thankyou_page
2025-11-03T11:05:08+00:00 INFO Start-Cartflows_Frontend::redirect_to_thankyou_page
2025-11-03T11:05:08+00:00 INFO Only for thank you page
2025-11-03T11:05:08+00:00 INFO Checkout ID : 12
2025-11-03T11:05:08+00:00 INFO End-Cartflows_Frontend::redirect_to_thankyou_page
2025-11-03T11:36:21+00:00 INFO Start-Cartflows_Frontend::redirect_to_thankyou_page
2025-11-03T11:36:21+00:00 INFO Only for thank you page
2025-11-03T11:36:21+00:00 INFO Checkout ID : 12
2025-11-03T11:36:21+00:00 INFO End-Cartflows_Frontend::redirect_to_thankyou_page
2025-11-03T11:36:21+00:00 INFO Start-Cartflows_Frontend::redirect_to_thankyou_page
2025-11-03T11:36:21+00:00 INFO Only for thank you page
2025-11-03T11:36:21+00:00 INFO Checkout ID : 12
2025-11-03T11:36:21+00:00 INFO End-Cartflows_Frontend::redirect_to_thankyou_page
2025-11-03T14:00:21+00:00 INFO Start-Cartflows_Admin_Report_Emails::send_weekly_report_email
2025-11-03T14:00:21+00:00 INFO Send weekly emails to bwitlawalyusuf@gmail.com
2025-11-03T14:00:21+00:00 INFO Total Revenue: <span class="woocommerce-Price-amount amount"><bdi><span class="woocommerce-Price-currencySymbol">&#8358;</span>1,920.00</bdi></span>
2025-11-03T14:00:24+00:00 INFO Email send status for email bwitlawalyusuf@gmail.com is 1
2025-11-03T14:00:24+00:00 INFO Start-Cartflows_Admin_Report_Emails::send_weekly_report_email
2025-11-03T14:00:24+00:00 INFO Send weekly emails to bwitlawalyusuf@gmail.com
2025-11-03T14:00:24+00:00 INFO Total Revenue: <span class="woocommerce-Price-amount amount"><bdi><span class="woocommerce-Price-currencySymbol">&#8358;</span>1,920.00</bdi></span>
2025-11-03T14:00:25+00:00 INFO Email send status for email bwitlawalyusuf@gmail.com is 1
2025-11-03T16:24:15+00:00 INFO Start-Cartflows_Frontend::redirect_to_thankyou_page
2025-11-03T16:24:15+00:00 INFO Only for thank you page
2025-11-03T16:24:15+00:00 INFO Checkout ID : 12
2025-11-03T16:24:15+00:00 INFO End-Cartflows_Frontend::redirect_to_thankyou_page
2025-11-03T16:24:15+00:00 INFO Start-Cartflows_Frontend::redirect_to_thankyou_page
2025-11-03T16:24:15+00:00 INFO Only for thank you page
2025-11-03T16:24:15+00:00 INFO Checkout ID : 12
2025-11-03T16:24:15+00:00 INFO End-Cartflows_Frontend::redirect_to_thankyou_page
2025-11-03T16:24:19+00:00 INFO Start-Cartflows_Frontend::redirect_to_thankyou_page
2025-11-03T16:24:19+00:00 INFO Only for thank you page
2025-11-03T16:24:19+00:00 INFO Checkout ID : 12
2025-11-03T16:24:19+00:00 INFO End-Cartflows_Frontend::redirect_to_thankyou_page
2025-11-03T19:39:26+00:00 INFO Start-Cartflows_Frontend::redirect_to_thankyou_page
2025-11-03T19:39:26+00:00 INFO Only for thank you page
2025-11-03T19:39:26+00:00 INFO Checkout ID : 12
2025-11-03T19:39:26+00:00 INFO End-Cartflows_Frontend::redirect_to_thankyou_page
2025-11-03T19:39:30+00:00 INFO Start-Cartflows_Frontend::redirect_to_thankyou_page
2025-11-03T19:39:30+00:00 INFO Only for thank you page
2025-11-03T19:39:30+00:00 INFO Checkout ID : 12
2025-11-03T19:39:30+00:00 INFO End-Cartflows_Frontend::redirect_to_thankyou_page
2025-11-03T19:39:34+00:00 INFO Start-Cartflows_Frontend::redirect_to_thankyou_page
2025-11-03T19:39:34+00:00 INFO Only for thank you page
2025-11-03T19:39:34+00:00 INFO Checkout ID : 12
2025-11-03T19:39:34+00:00 INFO End-Cartflows_Frontend::redirect_to_thankyou_page
